<?xml version="1.0" encoding="UTF-8"?>
<testng-results skipped="0" failed="0" ignored="0" total="1" passed="1">
  <reporter-output>
  </reporter-output>
  <suite name="FlightBooking" duration-ms="63179" started-at="2018-12-29T06:09:20Z" finished-at="2018-12-29T06:10:23Z">
    <groups>
    </groups>
    <test name="FlightBooking Test Cases" duration-ms="63179" started-at="2018-12-29T06:09:20Z" finished-at="2018-12-29T06:10:23Z">
      <class name="com.qa.testcases.FlightBookingTest">
        <test-method status="PASS" signature="setUp()[pri:0, instance:com.qa.testcases.FlightBookingTest@36f48b4]" name="setUp" is-config="true" duration-ms="10678" started-at="2018-12-29T06:09:22Z" finished-at="2018-12-29T06:09:32Z">
          <reporter-output>
          </reporter-output>
        </test-method> <!-- setUp -->
        <test-method status="PASS" signature="testFlightBooking(java.lang.String, java.lang.String, java.lang.String, java.lang.String, java.lang.String, java.lang.String, java.lang.String)[pri:0, instance:com.qa.testcases.FlightBookingTest@36f48b4]" name="testFlightBooking" duration-ms="50672" started-at="2018-12-29T06:09:32Z" data-provider="getData" finished-at="2018-12-29T06:10:23Z">
          <params>
            <param index="0">
              <value>
                <![CDATA[BLR]]>
              </value>
            </param>
            <param index="1">
              <value>
                <![CDATA[DEL]]>
              </value>
            </param>
            <param index="2">
              <value>
                <![CDATA[9900465757]]>
              </value>
            </param>
            <param index="3">
              <value>
                <![CDATA[kplokesh@gmail.com]]>
              </value>
            </param>
            <param index="4">
              <value>
                <![CDATA[Lokesh]]>
              </value>
            </param>
            <param index="5">
              <value>
                <![CDATA[Kondepudi]]>
              </value>
            </param>
            <param index="6">
              <value>
                <![CDATA[Ramesh]]>
              </value>
            </param>
          </params>
          <reporter-output>
          </reporter-output>
        </test-method> <!-- testFlightBooking -->
        <test-method status="PASS" signature="tearDown()[pri:0, instance:com.qa.testcases.FlightBookingTest@36f48b4]" name="tearDown" is-config="true" duration-ms="171" started-at="2018-12-29T06:10:23Z" finished-at="2018-12-29T06:10:23Z">
          <reporter-output>
          </reporter-output>
        </test-method> <!-- tearDown -->
      </class> <!-- com.qa.testcases.FlightBookingTest -->
    </test> <!-- FlightBooking Test Cases -->
  </suite> <!-- FlightBooking -->
</testng-results>
